<?xml version="1.0" encoding="UTF-8"?>
<!-- Generated by org.testng.reporters.JUnitXMLReporter -->
<testsuite hostname="SCA-WS531" ignored="0" name="AutomationStages" tests="10" failures="1" timestamp="20 Nov 2017 20:21:29 GMT" time="51.322" errors="0">
  <testcase name="@BeforeMethod setup" time="0.0" classname="Base.BasteTest">
    <failure type="org.testng.TestNGException" message="
Parameter &amp;apos;browser&amp;apos; is required by BeforeMethod on method setup but has not been marked @Optional or defined
in C:\Users\kalvarado-as\workspace\AutomationStages\TestSuite.xml">
      <![CDATA[org.testng.TestNGException: 
Parameter 'browser' is required by BeforeMethod on method setup but has not been marked @Optional or defined
in C:\Users\kalvarado-as\workspace\AutomationStages\TestSuite.xml
... Removed 25 stack frames]]>
    </failure>
  </testcase> <!-- @BeforeMethod setup -->
  <testcase name="@AfterMethod closeDriver" time="0.0" classname="Base.BasteTest">
    <skipped/>
  </testcase> <!-- @AfterMethod closeDriver -->
  <testcase name="@BeforeMethod setup" time="0.0" classname="Base.BasteTest">
    <skipped/>
  </testcase> <!-- @BeforeMethod setup -->
  <testcase name="@AfterMethod closeDriver" time="0.0" classname="Base.BasteTest">
    <skipped/>
  </testcase> <!-- @AfterMethod closeDriver -->
  <testcase name="@BeforeMethod setup" time="0.0" classname="Base.BasteTest">
    <skipped/>
  </testcase> <!-- @BeforeMethod setup -->
  <testcase name="@AfterMethod closeDriver" time="0.0" classname="Base.BasteTest">
    <skipped/>
  </testcase> <!-- @AfterMethod closeDriver -->
  <testcase name="Test01" time="2.829" classname="Tests.AnnotationsTest"/>
  <testcase name="Test02" time="1.09" classname="Tests.AnnotationsTest"/>
  <testcase name="CorrectLogin" time="0.0" classname="Tests.LoginTests">
    <skipped/>
  </testcase> <!-- CorrectLogin -->
  <testcase name="IncorrectLogin" time="0.0" classname="Tests.LoginTests">
    <skipped/>
  </testcase> <!-- IncorrectLogin -->
  <testcase name="LoginTest" time="0.0" classname="Tests.LoginTests">
    <skipped/>
  </testcase> <!-- LoginTest -->
  <testcase name="elementEnabled" time="0.0" classname="Tests.LoginTests">
    <failure type="org.testng.TestNGException" message="
Cannot inject @Test annotated Method [elementEnabled] with [interface org.openqa.selenium.WebElement].
For more information on native dependency injection please refer to http://testng.org/doc/documentation-main.html#native-dependency-injection">
      <![CDATA[org.testng.TestNGException: 
Cannot inject @Test annotated Method [elementEnabled] with [interface org.openqa.selenium.WebElement].
For more information on native dependency injection please refer to http://testng.org/doc/documentation-main.html#native-dependency-injection
... Removed 24 stack frames]]>
    </failure>
  </testcase> <!-- elementEnabled -->
  <testcase name="MandatoryFields" time="0.669" classname="Tests.RegisterTests"/>
  <testcase name="PasswordsMismach" time="2.6" classname="Tests.RegisterTests"/>
  <testcase name="RegisterPageDisplayed" time="0.878" classname="Tests.RegisterTests"/>
  <testcase name="UsernameTaken" time="0.914" classname="Tests.RegisterTests"/>
</testsuite> <!-- AutomationStages -->
