<!DOCTYPE html PUBLIC "-//W3C//DTD XHTML 1.1//EN" "http://www.w3.org/TR/xhtml11/DTD/xhtml11.dtd">
<html xmlns="http://www.w3.org/1999/xhtml">
<head>
<meta http-equiv="content-type" content="text/html; charset=UTF-8"/>
<title>TestNG Report</title>
<style type="text/css">table {margin-bottom:10px;border-collapse:collapse;empty-cells:show}th,td {border:1px solid #009;padding:.25em .5em}th {vertical-align:bottom}td {vertical-align:top}table a {font-weight:bold}.stripe td {background-color: #E6EBF9}.num {text-align:right}.passedodd td {background-color: #3F3}.passedeven td {background-color: #0A0}.skippedodd td {background-color: #DDD}.skippedeven td {background-color: #CCC}.failedodd td,.attn {background-color: #F33}.failedeven td,.stripe .attn {background-color: #D00}.stacktrace {white-space:pre;font-family:monospace}.totop {font-size:85%;text-align:center;border-bottom:2px solid #000}.invisible {display:none}</style>
</head>
<body>
<table>
<tr><th>Test</th><th># Passed</th><th># Skipped</th><th># Failed</th><th>Time (ms)</th><th>Included Groups</th><th>Excluded Groups</th></tr>
<tr><th colspan="7">AutomationStages</th></tr>
<tr><td><a href="#t0">AutomationStages</a></td><td class="num">6</td><td class="num attn">3</td><td class="num attn">1</td><td class="num">51,322</td><td></td><td></td></tr>
</table>
<table id='summary'><thead><tr><th>Class</th><th>Method</th><th>Start</th><th>Time (ms)</th></tr></thead><tbody><tr><th colspan="4">AutomationStages</th></tr></tbody><tbody id="t0"><tr><th colspan="4">AutomationStages &#8212; failed (configuration methods)</th></tr><tr class="failedeven"><td rowspan="1">Tests.LoginTests</td><td><a href="#m0">setup</a></td><td rowspan="1">1511209258537</td><td rowspan="1">0</td></tr><tr><th colspan="4">AutomationStages &#8212; failed</th></tr><tr class="failedeven"><td rowspan="1">Tests.LoginTests</td><td><a href="#m1">elementEnabled</a></td><td rowspan="1">1511209258545</td><td rowspan="1">0</td></tr><tr><th colspan="4">AutomationStages &#8212; skipped (configuration methods)</th></tr><tr class="skippedeven"><td rowspan="5">Tests.LoginTests</td><td><a href="#m2">closeDriver</a></td><td rowspan="3">1511209258543</td><td rowspan="3">0</td></tr><tr class="skippedeven"><td><a href="#m3">closeDriver</a></td></tr><tr class="skippedeven"><td><a href="#m4">closeDriver</a></td></tr><tr class="skippedeven"><td><a href="#m5">setup</a></td><td rowspan="2">1511209258542</td><td rowspan="2">0</td></tr><tr class="skippedeven"><td><a href="#m6">setup</a></td></tr><tr><th colspan="4">AutomationStages &#8212; skipped</th></tr><tr class="skippedeven"><td rowspan="3">Tests.LoginTests</td><td><a href="#m7">CorrectLogin</a></td><td rowspan="1">1511209258539</td><td rowspan="1">0</td></tr><tr class="skippedeven"><td><a href="#m8">IncorrectLogin</a></td><td rowspan="1">1511209258541</td><td rowspan="1">0</td></tr><tr class="skippedeven"><td><a href="#m9">LoginTest</a></td><td rowspan="1">1511209258543</td><td rowspan="1">0</td></tr><tr><th colspan="4">AutomationStages &#8212; passed</th></tr><tr class="passedeven"><td rowspan="2">Tests.AnnotationsTest</td><td><a href="#m10">Test01</a></td><td rowspan="1">1511209247386</td><td rowspan="1">2829</td></tr><tr class="passedeven"><td><a href="#m11">Test02</a></td><td rowspan="1">1511209257157</td><td rowspan="1">1090</td></tr><tr class="passedodd"><td rowspan="4">Tests.RegisterTests</td><td><a href="#m12">MandatoryFields</a></td><td rowspan="1">1511209263560</td><td rowspan="1">669</td></tr><tr class="passedodd"><td><a href="#m13">PasswordsMismach</a></td><td rowspan="1">1511209272177</td><td rowspan="1">2600</td></tr><tr class="passedodd"><td><a href="#m14">RegisterPageDisplayed</a></td><td rowspan="1">1511209281860</td><td rowspan="1">878</td></tr><tr class="passedodd"><td><a href="#m15">UsernameTaken</a></td><td rowspan="1">1511209288129</td><td rowspan="1">914</td></tr></tbody>
</table>
<h2>AutomationStages</h2><h3 id="m0">Tests.LoginTests#setup</h3><table class="result"><tr><th>Exception</th></tr><tr><td><div class="stacktrace">org.testng.TestNGException: 
Parameter &apos;browser&apos; is required by BeforeMethod on method setup but has not been marked @Optional or defined
in C:\Users\kalvarado-as\workspace\AutomationStages\TestSuite.xml
... Removed 25 stack frames</div></td></tr></table><p class="totop"><a href="#summary">back to summary</a></p>
<h3 id="m1">Tests.LoginTests#elementEnabled</h3><table class="result"><tr><th>Exception</th></tr><tr><td><div class="stacktrace">org.testng.TestNGException: 
Cannot inject @Test annotated Method [elementEnabled] with [interface org.openqa.selenium.WebElement].
For more information on native dependency injection please refer to http://testng.org/doc/documentation-main.html#native-dependency-injection
... Removed 24 stack frames</div></td></tr></table><p class="totop"><a href="#summary">back to summary</a></p>
<h3 id="m2">Tests.LoginTests#closeDriver</h3><table class="result"><tr><th class="invisible"/></tr></table><p class="totop"><a href="#summary">back to summary</a></p>
<h3 id="m3">Tests.LoginTests#closeDriver</h3><table class="result"><tr><th class="invisible"/></tr></table><p class="totop"><a href="#summary">back to summary</a></p>
<h3 id="m4">Tests.LoginTests#closeDriver</h3><table class="result"><tr><th class="invisible"/></tr></table><p class="totop"><a href="#summary">back to summary</a></p>
<h3 id="m5">Tests.LoginTests#setup</h3><table class="result"><tr><th class="invisible"/></tr></table><p class="totop"><a href="#summary">back to summary</a></p>
<h3 id="m6">Tests.LoginTests#setup</h3><table class="result"><tr><th class="invisible"/></tr></table><p class="totop"><a href="#summary">back to summary</a></p>
<h3 id="m7">Tests.LoginTests#CorrectLogin</h3><table class="result"><tr><th>Exception</th></tr><tr><td><div class="stacktrace">org.testng.TestNGException: 
Parameter &apos;browser&apos; is required by BeforeMethod on method setup but has not been marked @Optional or defined
in C:\Users\kalvarado-as\workspace\AutomationStages\TestSuite.xml
... Removed 25 stack frames</div></td></tr></table><p class="totop"><a href="#summary">back to summary</a></p>
<h3 id="m8">Tests.LoginTests#IncorrectLogin</h3><table class="result"><tr><th>Exception</th></tr><tr><td><div class="stacktrace">org.testng.TestNGException: 
Parameter &apos;browser&apos; is required by BeforeMethod on method setup but has not been marked @Optional or defined
in C:\Users\kalvarado-as\workspace\AutomationStages\TestSuite.xml
... Removed 25 stack frames</div></td></tr></table><p class="totop"><a href="#summary">back to summary</a></p>
<h3 id="m9">Tests.LoginTests#LoginTest</h3><table class="result"><tr><th>Exception</th></tr><tr><td><div class="stacktrace">org.testng.TestNGException: 
Parameter &apos;browser&apos; is required by BeforeMethod on method setup but has not been marked @Optional or defined
in C:\Users\kalvarado-as\workspace\AutomationStages\TestSuite.xml
... Removed 25 stack frames</div></td></tr></table><p class="totop"><a href="#summary">back to summary</a></p>
<h3 id="m10">Tests.AnnotationsTest#Test01</h3><table class="result"><tr class="param"><th>Parameter #1</th><th>Parameter #2</th><th>Parameter #3</th></tr><tr class="param stripe"><td>Kenneth22</td><td>123456abC</td><td>Your login attempt was not successful. Please try again.</td></tr></table><p class="totop"><a href="#summary">back to summary</a></p>
<h3 id="m11">Tests.AnnotationsTest#Test02</h3><table class="result"><tr class="param"><th>Parameter #1</th><th>Parameter #2</th><th>Parameter #3</th><th>Parameter #4</th><th>Parameter #5</th><th>Parameter #6</th><th>Parameter #7</th><th>Parameter #8</th><th>Parameter #9</th></tr><tr class="param stripe"><td>Kenneth</td><td>Alvarado</td><td>copetilla_22@hotmail.com</td><td>Turrenneth</td><td>123456abC#</td><td>123456</td><td>Color favorito</td><td>Azul</td><td>The password and confirmation password must match.</td></tr></table><p class="totop"><a href="#summary">back to summary</a></p>
<h3 id="m12">Tests.RegisterTests#MandatoryFields</h3><table class="result"><tr><th class="invisible"/></tr></table><p class="totop"><a href="#summary">back to summary</a></p>
<h3 id="m13">Tests.RegisterTests#PasswordsMismach</h3><table class="result"><tr class="param"><th>Parameter #1</th><th>Parameter #2</th><th>Parameter #3</th><th>Parameter #4</th><th>Parameter #5</th><th>Parameter #6</th><th>Parameter #7</th><th>Parameter #8</th><th>Parameter #9</th></tr><tr class="param stripe"><td>Kenneth</td><td>Alvarado</td><td>copetilla_22@hotmail.com</td><td>Turrenneth</td><td>123456abC#</td><td>123456</td><td>Color favorito</td><td>Azul</td><td>The password and confirmation password must match.</td></tr></table><p class="totop"><a href="#summary">back to summary</a></p>
<h3 id="m14">Tests.RegisterTests#RegisterPageDisplayed</h3><table class="result"><tr><th class="invisible"/></tr></table><p class="totop"><a href="#summary">back to summary</a></p>
<h3 id="m15">Tests.RegisterTests#UsernameTaken</h3><table class="result"><tr class="param"><th>Parameter #1</th><th>Parameter #2</th><th>Parameter #3</th><th>Parameter #4</th><th>Parameter #5</th><th>Parameter #6</th><th>Parameter #7</th><th>Parameter #8</th><th>Parameter #9</th></tr><tr class="param stripe"><td>Kenneth</td><td>Alvarado</td><td>copetilla_22@hotmail.com</td><td>Kevin22</td><td>123456abC#</td><td>123456abC#</td><td>Color favorito</td><td>Azul</td><td>User name already exists. Please enter a different user name.</td></tr></table><p class="totop"><a href="#summary">back to summary</a></p>
</body>
</html>
